<?xml version="1.0" encoding="UTF-8"?>
<testsuite xmlns:xsi="http://www.w3.org/2001/XMLSchema-instance" xsi:noNamespaceSchemaLocation="https://maven.apache.org/surefire/maven-surefire-plugin/xsd/surefire-test-report.xsd" name="com.intern.gatewaydemo.GatewayDemoApplicationTests" time="13.436" tests="1" errors="0" skipped="0" failures="0">
  <properties>
    <property name="sun.desktop" value="windows"/>
    <property name="awt.toolkit" value="sun.awt.windows.WToolkit"/>
    <property name="file.encoding.pkg" value="sun.io"/>
    <property name="java.specification.version" value="1.8"/>
    <property name="sun.cpu.isalist" value="amd64"/>
    <property name="sun.jnu.encoding" value="GBK"/>
    <property name="java.class.path" value="D:\Hub\remittance-business\Back-end\gateway-demo\target\test-classes;D:\Hub\remittance-business\Back-end\gateway-demo\target\classes;D:\Hub\maven_space\org\springframework\cloud\spring-cloud-starter-gateway\2.2.2.RELEASE\spring-cloud-starter-gateway-2.2.2.RELEASE.jar;D:\Hub\maven_space\org\springframework\cloud\spring-cloud-starter\2.2.2.RELEASE\spring-cloud-starter-2.2.2.RELEASE.jar;D:\Hub\maven_space\org\springframework\security\spring-security-rsa\1.0.9.RELEASE\spring-security-rsa-1.0.9.RELEASE.jar;D:\Hub\maven_space\org\bouncycastle\bcpkix-jdk15on\1.64\bcpkix-jdk15on-1.64.jar;D:\Hub\maven_space\org\bouncycastle\bcprov-jdk15on\1.64\bcprov-jdk15on-1.64.jar;D:\Hub\maven_space\org\springframework\cloud\spring-cloud-gateway-core\2.2.2.RELEASE\spring-cloud-gateway-core-2.2.2.RELEASE.jar;D:\Hub\maven_space\io\projectreactor\addons\reactor-extra\3.3.2.RELEASE\reactor-extra-3.3.2.RELEASE.jar;D:\Hub\maven_space\io\projectreactor\reactor-core\3.3.3.RELEASE\reactor-core-3.3.3.RELEASE.jar;D:\Hub\maven_space\org\springframework\boot\spring-boot-starter-webflux\2.2.5.RELEASE\spring-boot-starter-webflux-2.2.5.RELEASE.jar;D:\Hub\maven_space\org\springframework\boot\spring-boot-starter-json\2.2.5.RELEASE\spring-boot-starter-json-2.2.5.RELEASE.jar;D:\Hub\maven_space\com\fasterxml\jackson\datatype\jackson-datatype-jdk8\2.10.2\jackson-datatype-jdk8-2.10.2.jar;D:\Hub\maven_space\com\fasterxml\jackson\datatype\jackson-datatype-jsr310\2.10.2\jackson-datatype-jsr310-2.10.2.jar;D:\Hub\maven_space\com\fasterxml\jackson\module\jackson-module-parameter-names\2.10.2\jackson-module-parameter-names-2.10.2.jar;D:\Hub\maven_space\org\springframework\boot\spring-boot-starter-reactor-netty\2.2.5.RELEASE\spring-boot-starter-reactor-netty-2.2.5.RELEASE.jar;D:\Hub\maven_space\io\projectreactor\netty\reactor-netty\0.9.5.RELEASE\reactor-netty-0.9.5.RELEASE.jar;D:\Hub\maven_space\io\netty\netty-codec-http\4.1.45.Final\netty-codec-http-4.1.45.Final.jar;D:\Hub\maven_space\io\netty\netty-common\4.1.45.Final\netty-common-4.1.45.Final.jar;D:\Hub\maven_space\io\netty\netty-buffer\4.1.45.Final\netty-buffer-4.1.45.Final.jar;D:\Hub\maven_space\io\netty\netty-transport\4.1.45.Final\netty-transport-4.1.45.Final.jar;D:\Hub\maven_space\io\netty\netty-resolver\4.1.45.Final\netty-resolver-4.1.45.Final.jar;D:\Hub\maven_space\io\netty\netty-codec\4.1.45.Final\netty-codec-4.1.45.Final.jar;D:\Hub\maven_space\io\netty\netty-codec-http2\4.1.45.Final\netty-codec-http2-4.1.45.Final.jar;D:\Hub\maven_space\io\netty\netty-handler\4.1.45.Final\netty-handler-4.1.45.Final.jar;D:\Hub\maven_space\io\netty\netty-handler-proxy\4.1.45.Final\netty-handler-proxy-4.1.45.Final.jar;D:\Hub\maven_space\io\netty\netty-codec-socks\4.1.45.Final\netty-codec-socks-4.1.45.Final.jar;D:\Hub\maven_space\io\netty\netty-transport-native-epoll\4.1.45.Final\netty-transport-native-epoll-4.1.45.Final-linux-x86_64.jar;D:\Hub\maven_space\io\netty\netty-transport-native-unix-common\4.1.45.Final\netty-transport-native-unix-common-4.1.45.Final.jar;D:\Hub\maven_space\org\glassfish\jakarta.el\3.0.3\jakarta.el-3.0.3.jar;D:\Hub\maven_space\org\springframework\boot\spring-boot-starter-validation\2.2.5.RELEASE\spring-boot-starter-validation-2.2.5.RELEASE.jar;D:\Hub\maven_space\jakarta\validation\jakarta.validation-api\2.0.2\jakarta.validation-api-2.0.2.jar;D:\Hub\maven_space\org\hibernate\validator\hibernate-validator\6.0.18.Final\hibernate-validator-6.0.18.Final.jar;D:\Hub\maven_space\org\jboss\logging\jboss-logging\3.4.1.Final\jboss-logging-3.4.1.Final.jar;D:\Hub\maven_space\com\fasterxml\classmate\1.5.1\classmate-1.5.1.jar;D:\Hub\maven_space\org\springframework\spring-web\5.2.4.RELEASE\spring-web-5.2.4.RELEASE.jar;D:\Hub\maven_space\org\springframework\spring-beans\5.2.4.RELEASE\spring-beans-5.2.4.RELEASE.jar;D:\Hub\maven_space\org\springframework\spring-webflux\5.2.4.RELEASE\spring-webflux-5.2.4.RELEASE.jar;D:\Hub\maven_space\org\synchronoss\cloud\nio-multipart-parser\1.1.0\nio-multipart-parser-1.1.0.jar;D:\Hub\maven_space\org\synchronoss\cloud\nio-stream-storage\1.1.3\nio-stream-storage-1.1.3.jar;D:\Hub\maven_space\org\springframework\cloud\spring-cloud-starter-netflix-hystrix\2.2.2.RELEASE\spring-cloud-starter-netflix-hystrix-2.2.2.RELEASE.jar;D:\Hub\maven_space\org\springframework\cloud\spring-cloud-netflix-hystrix\2.2.2.RELEASE\spring-cloud-netflix-hystrix-2.2.2.RELEASE.jar;D:\Hub\maven_space\org\springframework\boot\spring-boot-autoconfigure\2.2.5.RELEASE\spring-boot-autoconfigure-2.2.5.RELEASE.jar;D:\Hub\maven_space\org\springframework\boot\spring-boot-starter-aop\2.2.5.RELEASE\spring-boot-starter-aop-2.2.5.RELEASE.jar;D:\Hub\maven_space\org\springframework\spring-aop\5.2.4.RELEASE\spring-aop-5.2.4.RELEASE.jar;D:\Hub\maven_space\org\springframework\cloud\spring-cloud-netflix-ribbon\2.2.2.RELEASE\spring-cloud-netflix-ribbon-2.2.2.RELEASE.jar;D:\Hub\maven_space\org\springframework\cloud\spring-cloud-netflix-archaius\2.2.2.RELEASE\spring-cloud-netflix-archaius-2.2.2.RELEASE.jar;D:\Hub\maven_space\org\springframework\cloud\spring-cloud-starter-netflix-archaius\2.2.2.RELEASE\spring-cloud-starter-netflix-archaius-2.2.2.RELEASE.jar;D:\Hub\maven_space\com\netflix\archaius\archaius-core\0.7.6\archaius-core-0.7.6.jar;D:\Hub\maven_space\com\google\code\findbugs\jsr305\3.0.1\jsr305-3.0.1.jar;D:\Hub\maven_space\commons-configuration\commons-configuration\1.8\commons-configuration-1.8.jar;D:\Hub\maven_space\commons-lang\commons-lang\2.6\commons-lang-2.6.jar;D:\Hub\maven_space\com\netflix\hystrix\hystrix-core\1.5.18\hystrix-core-1.5.18.jar;D:\Hub\maven_space\org\slf4j\slf4j-api\1.7.30\slf4j-api-1.7.30.jar;D:\Hub\maven_space\io\reactivex\rxjava\1.3.8\rxjava-1.3.8.jar;D:\Hub\maven_space\org\hdrhistogram\HdrHistogram\2.1.9\HdrHistogram-2.1.9.jar;D:\Hub\maven_space\com\netflix\hystrix\hystrix-serialization\1.5.18\hystrix-serialization-1.5.18.jar;D:\Hub\maven_space\com\fasterxml\jackson\module\jackson-module-afterburner\2.10.2\jackson-module-afterburner-2.10.2.jar;D:\Hub\maven_space\com\fasterxml\jackson\core\jackson-core\2.10.2\jackson-core-2.10.2.jar;D:\Hub\maven_space\com\fasterxml\jackson\core\jackson-databind\2.10.2\jackson-databind-2.10.2.jar;D:\Hub\maven_space\com\fasterxml\jackson\core\jackson-annotations\2.10.2\jackson-annotations-2.10.2.jar;D:\Hub\maven_space\com\netflix\hystrix\hystrix-metrics-event-stream\1.5.18\hystrix-metrics-event-stream-1.5.18.jar;D:\Hub\maven_space\com\netflix\hystrix\hystrix-javanica\1.5.18\hystrix-javanica-1.5.18.jar;D:\Hub\maven_space\org\apache\commons\commons-lang3\3.9\commons-lang3-3.9.jar;D:\Hub\maven_space\org\ow2\asm\asm\5.0.4\asm-5.0.4.jar;D:\Hub\maven_space\org\aspectj\aspectjweaver\1.9.5\aspectjweaver-1.9.5.jar;D:\Hub\maven_space\com\google\guava\guava\28.2-android\guava-28.2-android.jar;D:\Hub\maven_space\com\google\guava\failureaccess\1.0.1\failureaccess-1.0.1.jar;D:\Hub\maven_space\com\google\guava\listenablefuture\9999.0-empty-to-avoid-conflict-with-guava\listenablefuture-9999.0-empty-to-avoid-conflict-with-guava.jar;D:\Hub\maven_space\org\checkerframework\checker-compat-qual\2.5.5\checker-compat-qual-2.5.5.jar;D:\Hub\maven_space\com\google\errorprone\error_prone_annotations\2.3.4\error_prone_annotations-2.3.4.jar;D:\Hub\maven_space\com\google\j2objc\j2objc-annotations\1.3\j2objc-annotations-1.3.jar;D:\Hub\maven_space\io\reactivex\rxjava-reactive-streams\1.2.1\rxjava-reactive-streams-1.2.1.jar;D:\Hub\maven_space\org\reactivestreams\reactive-streams\1.0.3\reactive-streams-1.0.3.jar;D:\Hub\maven_space\com\alibaba\cloud\spring-cloud-starter-alibaba-nacos-config\2.2.1.RELEASE\spring-cloud-starter-alibaba-nacos-config-2.2.1.RELEASE.jar;D:\Hub\maven_space\com\alibaba\spring\spring-context-support\1.0.6\spring-context-support-1.0.6.jar;D:\Hub\maven_space\com\alibaba\nacos\nacos-client\1.2.1\nacos-client-1.2.1.jar;D:\Hub\maven_space\com\alibaba\nacos\nacos-common\1.2.1\nacos-common-1.2.1.jar;D:\Hub\maven_space\commons-io\commons-io\2.2\commons-io-2.2.jar;D:\Hub\maven_space\com\alibaba\nacos\nacos-api\1.2.1\nacos-api-1.2.1.jar;D:\Hub\maven_space\com\alibaba\fastjson\1.2.58\fastjson-1.2.58.jar;D:\Hub\maven_space\commons-codec\commons-codec\1.13\commons-codec-1.13.jar;D:\Hub\maven_space\io\prometheus\simpleclient\0.5.0\simpleclient-0.5.0.jar;D:\Hub\maven_space\org\yaml\snakeyaml\1.25\snakeyaml-1.25.jar;D:\Hub\maven_space\org\springframework\cloud\spring-cloud-commons\2.2.2.RELEASE\spring-cloud-commons-2.2.2.RELEASE.jar;D:\Hub\maven_space\org\springframework\security\spring-security-crypto\5.2.2.RELEASE\spring-security-crypto-5.2.2.RELEASE.jar;D:\Hub\maven_space\org\springframework\cloud\spring-cloud-context\2.2.2.RELEASE\spring-cloud-context-2.2.2.RELEASE.jar;D:\Hub\maven_space\com\alibaba\cloud\spring-cloud-starter-alibaba-nacos-discovery\2.2.1.RELEASE\spring-cloud-starter-alibaba-nacos-discovery-2.2.1.RELEASE.jar;D:\Hub\maven_space\org\springframework\cloud\spring-cloud-starter-netflix-ribbon\2.2.2.RELEASE\spring-cloud-starter-netflix-ribbon-2.2.2.RELEASE.jar;D:\Hub\maven_space\com\netflix\ribbon\ribbon\2.3.0\ribbon-2.3.0.jar;D:\Hub\maven_space\com\netflix\ribbon\ribbon-transport\2.3.0\ribbon-transport-2.3.0.jar;D:\Hub\maven_space\io\reactivex\rxnetty-contexts\0.4.9\rxnetty-contexts-0.4.9.jar;D:\Hub\maven_space\io\reactivex\rxnetty-servo\0.4.9\rxnetty-servo-0.4.9.jar;D:\Hub\maven_space\javax\inject\javax.inject\1\javax.inject-1.jar;D:\Hub\maven_space\io\reactivex\rxnetty\0.4.9\rxnetty-0.4.9.jar;D:\Hub\maven_space\com\netflix\ribbon\ribbon-core\2.3.0\ribbon-core-2.3.0.jar;D:\Hub\maven_space\com\netflix\ribbon\ribbon-httpclient\2.3.0\ribbon-httpclient-2.3.0.jar;D:\Hub\maven_space\commons-collections\commons-collections\3.2.2\commons-collections-3.2.2.jar;D:\Hub\maven_space\org\apache\httpcomponents\httpclient\4.5.11\httpclient-4.5.11.jar;D:\Hub\maven_space\org\apache\httpcomponents\httpcore\4.4.13\httpcore-4.4.13.jar;D:\Hub\maven_space\com\sun\jersey\jersey-client\1.19.1\jersey-client-1.19.1.jar;D:\Hub\maven_space\com\sun\jersey\jersey-core\1.19.1\jersey-core-1.19.1.jar;D:\Hub\maven_space\javax\ws\rs\jsr311-api\1.1.1\jsr311-api-1.1.1.jar;D:\Hub\maven_space\com\sun\jersey\contribs\jersey-apache-client4\1.19.1\jersey-apache-client4-1.19.1.jar;D:\Hub\maven_space\com\netflix\servo\servo-core\0.12.21\servo-core-0.12.21.jar;D:\Hub\maven_space\com\netflix\netflix-commons\netflix-commons-util\0.3.0\netflix-commons-util-0.3.0.jar;D:\Hub\maven_space\com\netflix\ribbon\ribbon-loadbalancer\2.3.0\ribbon-loadbalancer-2.3.0.jar;D:\Hub\maven_space\com\netflix\netflix-commons\netflix-statistics\0.1.1\netflix-statistics-0.1.1.jar;D:\Hub\maven_space\org\springframework\boot\spring-boot-starter-test\2.2.5.RELEASE\spring-boot-starter-test-2.2.5.RELEASE.jar;D:\Hub\maven_space\org\springframework\boot\spring-boot-starter\2.2.5.RELEASE\spring-boot-starter-2.2.5.RELEASE.jar;D:\Hub\maven_space\org\springframework\boot\spring-boot\2.2.5.RELEASE\spring-boot-2.2.5.RELEASE.jar;D:\Hub\maven_space\org\springframework\spring-context\5.2.4.RELEASE\spring-context-5.2.4.RELEASE.jar;D:\Hub\maven_space\org\springframework\spring-expression\5.2.4.RELEASE\spring-expression-5.2.4.RELEASE.jar;D:\Hub\maven_space\org\springframework\boot\spring-boot-starter-logging\2.2.5.RELEASE\spring-boot-starter-logging-2.2.5.RELEASE.jar;D:\Hub\maven_space\ch\qos\logback\logback-classic\1.2.3\logback-classic-1.2.3.jar;D:\Hub\maven_space\ch\qos\logback\logback-core\1.2.3\logback-core-1.2.3.jar;D:\Hub\maven_space\org\apache\logging\log4j\log4j-to-slf4j\2.12.1\log4j-to-slf4j-2.12.1.jar;D:\Hub\maven_space\org\apache\logging\log4j\log4j-api\2.12.1\log4j-api-2.12.1.jar;D:\Hub\maven_space\org\slf4j\jul-to-slf4j\1.7.30\jul-to-slf4j-1.7.30.jar;D:\Hub\maven_space\jakarta\annotation\jakarta.annotation-api\1.3.5\jakarta.annotation-api-1.3.5.jar;D:\Hub\maven_space\org\springframework\boot\spring-boot-test\2.2.5.RELEASE\spring-boot-test-2.2.5.RELEASE.jar;D:\Hub\maven_space\org\springframework\boot\spring-boot-test-autoconfigure\2.2.5.RELEASE\spring-boot-test-autoconfigure-2.2.5.RELEASE.jar;D:\Hub\maven_space\com\jayway\jsonpath\json-path\2.4.0\json-path-2.4.0.jar;D:\Hub\maven_space\net\minidev\json-smart\2.3\json-smart-2.3.jar;D:\Hub\maven_space\net\minidev\accessors-smart\1.2\accessors-smart-1.2.jar;D:\Hub\maven_space\jakarta\xml\bind\jakarta.xml.bind-api\2.3.2\jakarta.xml.bind-api-2.3.2.jar;D:\Hub\maven_space\jakarta\activation\jakarta.activation-api\1.2.2\jakarta.activation-api-1.2.2.jar;D:\Hub\maven_space\org\junit\jupiter\junit-jupiter\5.5.2\junit-jupiter-5.5.2.jar;D:\Hub\maven_space\org\junit\jupiter\junit-jupiter-api\5.5.2\junit-jupiter-api-5.5.2.jar;D:\Hub\maven_space\org\apiguardian\apiguardian-api\1.1.0\apiguardian-api-1.1.0.jar;D:\Hub\maven_space\org\opentest4j\opentest4j\1.2.0\opentest4j-1.2.0.jar;D:\Hub\maven_space\org\junit\platform\junit-platform-commons\1.5.2\junit-platform-commons-1.5.2.jar;D:\Hub\maven_space\org\junit\jupiter\junit-jupiter-params\5.5.2\junit-jupiter-params-5.5.2.jar;D:\Hub\maven_space\org\junit\jupiter\junit-jupiter-engine\5.5.2\junit-jupiter-engine-5.5.2.jar;D:\Hub\maven_space\org\junit\platform\junit-platform-engine\1.5.2\junit-platform-engine-1.5.2.jar;D:\Hub\maven_space\org\mockito\mockito-junit-jupiter\3.1.0\mockito-junit-jupiter-3.1.0.jar;D:\Hub\maven_space\org\assertj\assertj-core\3.13.2\assertj-core-3.13.2.jar;D:\Hub\maven_space\org\hamcrest\hamcrest\2.1\hamcrest-2.1.jar;D:\Hub\maven_space\org\mockito\mockito-core\3.1.0\mockito-core-3.1.0.jar;D:\Hub\maven_space\net\bytebuddy\byte-buddy\1.10.8\byte-buddy-1.10.8.jar;D:\Hub\maven_space\net\bytebuddy\byte-buddy-agent\1.10.8\byte-buddy-agent-1.10.8.jar;D:\Hub\maven_space\org\objenesis\objenesis\2.6\objenesis-2.6.jar;D:\Hub\maven_space\org\skyscreamer\jsonassert\1.5.0\jsonassert-1.5.0.jar;D:\Hub\maven_space\com\vaadin\external\google\android-json\0.0.20131108.vaadin1\android-json-0.0.20131108.vaadin1.jar;D:\Hub\maven_space\org\springframework\spring-core\5.2.4.RELEASE\spring-core-5.2.4.RELEASE.jar;D:\Hub\maven_space\org\springframework\spring-jcl\5.2.4.RELEASE\spring-jcl-5.2.4.RELEASE.jar;D:\Hub\maven_space\org\springframework\spring-test\5.2.4.RELEASE\spring-test-5.2.4.RELEASE.jar;D:\Hub\maven_space\org\xmlunit\xmlunit-core\2.6.3\xmlunit-core-2.6.3.jar;"/>
    <property name="java.vm.vendor" value="Oracle Corporation"/>
    <property name="sun.arch.data.model" value="64"/>
    <property name="user.variant" value=""/>
    <property name="java.vendor.url" value="http://java.oracle.com/"/>
    <property name="user.timezone" value="Asia/Shanghai"/>
    <property name="java.vm.specification.version" value="1.8"/>
    <property name="os.name" value="Windows 10"/>
    <property name="user.country" value="CN"/>
    <property name="sun.java.launcher" value="SUN_STANDARD"/>
    <property name="sun.boot.library.path" value="C:\Program Files\Java\jdk1.8.0_211\jre\bin"/>
    <property name="sun.java.command" value="C:\Users\Bugott\AppData\Local\Temp\surefire3038248301740331158\surefirebooter7826482519388650800.jar C:\Users\Bugott\AppData\Local\Temp\surefire3038248301740331158 2020-07-20T17-11-42_309-jvmRun1 surefire206424642924768407tmp surefire_08598459167472169860tmp"/>
    <property name="surefire.test.class.path" value="D:\Hub\remittance-business\Back-end\gateway-demo\target\test-classes;D:\Hub\remittance-business\Back-end\gateway-demo\target\classes;D:\Hub\maven_space\org\springframework\cloud\spring-cloud-starter-gateway\2.2.2.RELEASE\spring-cloud-starter-gateway-2.2.2.RELEASE.jar;D:\Hub\maven_space\org\springframework\cloud\spring-cloud-starter\2.2.2.RELEASE\spring-cloud-starter-2.2.2.RELEASE.jar;D:\Hub\maven_space\org\springframework\security\spring-security-rsa\1.0.9.RELEASE\spring-security-rsa-1.0.9.RELEASE.jar;D:\Hub\maven_space\org\bouncycastle\bcpkix-jdk15on\1.64\bcpkix-jdk15on-1.64.jar;D:\Hub\maven_space\org\bouncycastle\bcprov-jdk15on\1.64\bcprov-jdk15on-1.64.jar;D:\Hub\maven_space\org\springframework\cloud\spring-cloud-gateway-core\2.2.2.RELEASE\spring-cloud-gateway-core-2.2.2.RELEASE.jar;D:\Hub\maven_space\io\projectreactor\addons\reactor-extra\3.3.2.RELEASE\reactor-extra-3.3.2.RELEASE.jar;D:\Hub\maven_space\io\projectreactor\reactor-core\3.3.3.RELEASE\reactor-core-3.3.3.RELEASE.jar;D:\Hub\maven_space\org\springframework\boot\spring-boot-starter-webflux\2.2.5.RELEASE\spring-boot-starter-webflux-2.2.5.RELEASE.jar;D:\Hub\maven_space\org\springframework\boot\spring-boot-starter-json\2.2.5.RELEASE\spring-boot-starter-json-2.2.5.RELEASE.jar;D:\Hub\maven_space\com\fasterxml\jackson\datatype\jackson-datatype-jdk8\2.10.2\jackson-datatype-jdk8-2.10.2.jar;D:\Hub\maven_space\com\fasterxml\jackson\datatype\jackson-datatype-jsr310\2.10.2\jackson-datatype-jsr310-2.10.2.jar;D:\Hub\maven_space\com\fasterxml\jackson\module\jackson-module-parameter-names\2.10.2\jackson-module-parameter-names-2.10.2.jar;D:\Hub\maven_space\org\springframework\boot\spring-boot-starter-reactor-netty\2.2.5.RELEASE\spring-boot-starter-reactor-netty-2.2.5.RELEASE.jar;D:\Hub\maven_space\io\projectreactor\netty\reactor-netty\0.9.5.RELEASE\reactor-netty-0.9.5.RELEASE.jar;D:\Hub\maven_space\io\netty\netty-codec-http\4.1.45.Final\netty-codec-http-4.1.45.Final.jar;D:\Hub\maven_space\io\netty\netty-common\4.1.45.Final\netty-common-4.1.45.Final.jar;D:\Hub\maven_space\io\netty\netty-buffer\4.1.45.Final\netty-buffer-4.1.45.Final.jar;D:\Hub\maven_space\io\netty\netty-transport\4.1.45.Final\netty-transport-4.1.45.Final.jar;D:\Hub\maven_space\io\netty\netty-resolver\4.1.45.Final\netty-resolver-4.1.45.Final.jar;D:\Hub\maven_space\io\netty\netty-codec\4.1.45.Final\netty-codec-4.1.45.Final.jar;D:\Hub\maven_space\io\netty\netty-codec-http2\4.1.45.Final\netty-codec-http2-4.1.45.Final.jar;D:\Hub\maven_space\io\netty\netty-handler\4.1.45.Final\netty-handler-4.1.45.Final.jar;D:\Hub\maven_space\io\netty\netty-handler-proxy\4.1.45.Final\netty-handler-proxy-4.1.45.Final.jar;D:\Hub\maven_space\io\netty\netty-codec-socks\4.1.45.Final\netty-codec-socks-4.1.45.Final.jar;D:\Hub\maven_space\io\netty\netty-transport-native-epoll\4.1.45.Final\netty-transport-native-epoll-4.1.45.Final-linux-x86_64.jar;D:\Hub\maven_space\io\netty\netty-transport-native-unix-common\4.1.45.Final\netty-transport-native-unix-common-4.1.45.Final.jar;D:\Hub\maven_space\org\glassfish\jakarta.el\3.0.3\jakarta.el-3.0.3.jar;D:\Hub\maven_space\org\springframework\boot\spring-boot-starter-validation\2.2.5.RELEASE\spring-boot-starter-validation-2.2.5.RELEASE.jar;D:\Hub\maven_space\jakarta\validation\jakarta.validation-api\2.0.2\jakarta.validation-api-2.0.2.jar;D:\Hub\maven_space\org\hibernate\validator\hibernate-validator\6.0.18.Final\hibernate-validator-6.0.18.Final.jar;D:\Hub\maven_space\org\jboss\logging\jboss-logging\3.4.1.Final\jboss-logging-3.4.1.Final.jar;D:\Hub\maven_space\com\fasterxml\classmate\1.5.1\classmate-1.5.1.jar;D:\Hub\maven_space\org\springframework\spring-web\5.2.4.RELEASE\spring-web-5.2.4.RELEASE.jar;D:\Hub\maven_space\org\springframework\spring-beans\5.2.4.RELEASE\spring-beans-5.2.4.RELEASE.jar;D:\Hub\maven_space\org\springframework\spring-webflux\5.2.4.RELEASE\spring-webflux-5.2.4.RELEASE.jar;D:\Hub\maven_space\org\synchronoss\cloud\nio-multipart-parser\1.1.0\nio-multipart-parser-1.1.0.jar;D:\Hub\maven_space\org\synchronoss\cloud\nio-stream-storage\1.1.3\nio-stream-storage-1.1.3.jar;D:\Hub\maven_space\org\springframework\cloud\spring-cloud-starter-netflix-hystrix\2.2.2.RELEASE\spring-cloud-starter-netflix-hystrix-2.2.2.RELEASE.jar;D:\Hub\maven_space\org\springframework\cloud\spring-cloud-netflix-hystrix\2.2.2.RELEASE\spring-cloud-netflix-hystrix-2.2.2.RELEASE.jar;D:\Hub\maven_space\org\springframework\boot\spring-boot-autoconfigure\2.2.5.RELEASE\spring-boot-autoconfigure-2.2.5.RELEASE.jar;D:\Hub\maven_space\org\springframework\boot\spring-boot-starter-aop\2.2.5.RELEASE\spring-boot-starter-aop-2.2.5.RELEASE.jar;D:\Hub\maven_space\org\springframework\spring-aop\5.2.4.RELEASE\spring-aop-5.2.4.RELEASE.jar;D:\Hub\maven_space\org\springframework\cloud\spring-cloud-netflix-ribbon\2.2.2.RELEASE\spring-cloud-netflix-ribbon-2.2.2.RELEASE.jar;D:\Hub\maven_space\org\springframework\cloud\spring-cloud-netflix-archaius\2.2.2.RELEASE\spring-cloud-netflix-archaius-2.2.2.RELEASE.jar;D:\Hub\maven_space\org\springframework\cloud\spring-cloud-starter-netflix-archaius\2.2.2.RELEASE\spring-cloud-starter-netflix-archaius-2.2.2.RELEASE.jar;D:\Hub\maven_space\com\netflix\archaius\archaius-core\0.7.6\archaius-core-0.7.6.jar;D:\Hub\maven_space\com\google\code\findbugs\jsr305\3.0.1\jsr305-3.0.1.jar;D:\Hub\maven_space\commons-configuration\commons-configuration\1.8\commons-configuration-1.8.jar;D:\Hub\maven_space\commons-lang\commons-lang\2.6\commons-lang-2.6.jar;D:\Hub\maven_space\com\netflix\hystrix\hystrix-core\1.5.18\hystrix-core-1.5.18.jar;D:\Hub\maven_space\org\slf4j\slf4j-api\1.7.30\slf4j-api-1.7.30.jar;D:\Hub\maven_space\io\reactivex\rxjava\1.3.8\rxjava-1.3.8.jar;D:\Hub\maven_space\org\hdrhistogram\HdrHistogram\2.1.9\HdrHistogram-2.1.9.jar;D:\Hub\maven_space\com\netflix\hystrix\hystrix-serialization\1.5.18\hystrix-serialization-1.5.18.jar;D:\Hub\maven_space\com\fasterxml\jackson\module\jackson-module-afterburner\2.10.2\jackson-module-afterburner-2.10.2.jar;D:\Hub\maven_space\com\fasterxml\jackson\core\jackson-core\2.10.2\jackson-core-2.10.2.jar;D:\Hub\maven_space\com\fasterxml\jackson\core\jackson-databind\2.10.2\jackson-databind-2.10.2.jar;D:\Hub\maven_space\com\fasterxml\jackson\core\jackson-annotations\2.10.2\jackson-annotations-2.10.2.jar;D:\Hub\maven_space\com\netflix\hystrix\hystrix-metrics-event-stream\1.5.18\hystrix-metrics-event-stream-1.5.18.jar;D:\Hub\maven_space\com\netflix\hystrix\hystrix-javanica\1.5.18\hystrix-javanica-1.5.18.jar;D:\Hub\maven_space\org\apache\commons\commons-lang3\3.9\commons-lang3-3.9.jar;D:\Hub\maven_space\org\ow2\asm\asm\5.0.4\asm-5.0.4.jar;D:\Hub\maven_space\org\aspectj\aspectjweaver\1.9.5\aspectjweaver-1.9.5.jar;D:\Hub\maven_space\com\google\guava\guava\28.2-android\guava-28.2-android.jar;D:\Hub\maven_space\com\google\guava\failureaccess\1.0.1\failureaccess-1.0.1.jar;D:\Hub\maven_space\com\google\guava\listenablefuture\9999.0-empty-to-avoid-conflict-with-guava\listenablefuture-9999.0-empty-to-avoid-conflict-with-guava.jar;D:\Hub\maven_space\org\checkerframework\checker-compat-qual\2.5.5\checker-compat-qual-2.5.5.jar;D:\Hub\maven_space\com\google\errorprone\error_prone_annotations\2.3.4\error_prone_annotations-2.3.4.jar;D:\Hub\maven_space\com\google\j2objc\j2objc-annotations\1.3\j2objc-annotations-1.3.jar;D:\Hub\maven_space\io\reactivex\rxjava-reactive-streams\1.2.1\rxjava-reactive-streams-1.2.1.jar;D:\Hub\maven_space\org\reactivestreams\reactive-streams\1.0.3\reactive-streams-1.0.3.jar;D:\Hub\maven_space\com\alibaba\cloud\spring-cloud-starter-alibaba-nacos-config\2.2.1.RELEASE\spring-cloud-starter-alibaba-nacos-config-2.2.1.RELEASE.jar;D:\Hub\maven_space\com\alibaba\spring\spring-context-support\1.0.6\spring-context-support-1.0.6.jar;D:\Hub\maven_space\com\alibaba\nacos\nacos-client\1.2.1\nacos-client-1.2.1.jar;D:\Hub\maven_space\com\alibaba\nacos\nacos-common\1.2.1\nacos-common-1.2.1.jar;D:\Hub\maven_space\commons-io\commons-io\2.2\commons-io-2.2.jar;D:\Hub\maven_space\com\alibaba\nacos\nacos-api\1.2.1\nacos-api-1.2.1.jar;D:\Hub\maven_space\com\alibaba\fastjson\1.2.58\fastjson-1.2.58.jar;D:\Hub\maven_space\commons-codec\commons-codec\1.13\commons-codec-1.13.jar;D:\Hub\maven_space\io\prometheus\simpleclient\0.5.0\simpleclient-0.5.0.jar;D:\Hub\maven_space\org\yaml\snakeyaml\1.25\snakeyaml-1.25.jar;D:\Hub\maven_space\org\springframework\cloud\spring-cloud-commons\2.2.2.RELEASE\spring-cloud-commons-2.2.2.RELEASE.jar;D:\Hub\maven_space\org\springframework\security\spring-security-crypto\5.2.2.RELEASE\spring-security-crypto-5.2.2.RELEASE.jar;D:\Hub\maven_space\org\springframework\cloud\spring-cloud-context\2.2.2.RELEASE\spring-cloud-context-2.2.2.RELEASE.jar;D:\Hub\maven_space\com\alibaba\cloud\spring-cloud-starter-alibaba-nacos-discovery\2.2.1.RELEASE\spring-cloud-starter-alibaba-nacos-discovery-2.2.1.RELEASE.jar;D:\Hub\maven_space\org\springframework\cloud\spring-cloud-starter-netflix-ribbon\2.2.2.RELEASE\spring-cloud-starter-netflix-ribbon-2.2.2.RELEASE.jar;D:\Hub\maven_space\com\netflix\ribbon\ribbon\2.3.0\ribbon-2.3.0.jar;D:\Hub\maven_space\com\netflix\ribbon\ribbon-transport\2.3.0\ribbon-transport-2.3.0.jar;D:\Hub\maven_space\io\reactivex\rxnetty-contexts\0.4.9\rxnetty-contexts-0.4.9.jar;D:\Hub\maven_space\io\reactivex\rxnetty-servo\0.4.9\rxnetty-servo-0.4.9.jar;D:\Hub\maven_space\javax\inject\javax.inject\1\javax.inject-1.jar;D:\Hub\maven_space\io\reactivex\rxnetty\0.4.9\rxnetty-0.4.9.jar;D:\Hub\maven_space\com\netflix\ribbon\ribbon-core\2.3.0\ribbon-core-2.3.0.jar;D:\Hub\maven_space\com\netflix\ribbon\ribbon-httpclient\2.3.0\ribbon-httpclient-2.3.0.jar;D:\Hub\maven_space\commons-collections\commons-collections\3.2.2\commons-collections-3.2.2.jar;D:\Hub\maven_space\org\apache\httpcomponents\httpclient\4.5.11\httpclient-4.5.11.jar;D:\Hub\maven_space\org\apache\httpcomponents\httpcore\4.4.13\httpcore-4.4.13.jar;D:\Hub\maven_space\com\sun\jersey\jersey-client\1.19.1\jersey-client-1.19.1.jar;D:\Hub\maven_space\com\sun\jersey\jersey-core\1.19.1\jersey-core-1.19.1.jar;D:\Hub\maven_space\javax\ws\rs\jsr311-api\1.1.1\jsr311-api-1.1.1.jar;D:\Hub\maven_space\com\sun\jersey\contribs\jersey-apache-client4\1.19.1\jersey-apache-client4-1.19.1.jar;D:\Hub\maven_space\com\netflix\servo\servo-core\0.12.21\servo-core-0.12.21.jar;D:\Hub\maven_space\com\netflix\netflix-commons\netflix-commons-util\0.3.0\netflix-commons-util-0.3.0.jar;D:\Hub\maven_space\com\netflix\ribbon\ribbon-loadbalancer\2.3.0\ribbon-loadbalancer-2.3.0.jar;D:\Hub\maven_space\com\netflix\netflix-commons\netflix-statistics\0.1.1\netflix-statistics-0.1.1.jar;D:\Hub\maven_space\org\springframework\boot\spring-boot-starter-test\2.2.5.RELEASE\spring-boot-starter-test-2.2.5.RELEASE.jar;D:\Hub\maven_space\org\springframework\boot\spring-boot-starter\2.2.5.RELEASE\spring-boot-starter-2.2.5.RELEASE.jar;D:\Hub\maven_space\org\springframework\boot\spring-boot\2.2.5.RELEASE\spring-boot-2.2.5.RELEASE.jar;D:\Hub\maven_space\org\springframework\spring-context\5.2.4.RELEASE\spring-context-5.2.4.RELEASE.jar;D:\Hub\maven_space\org\springframework\spring-expression\5.2.4.RELEASE\spring-expression-5.2.4.RELEASE.jar;D:\Hub\maven_space\org\springframework\boot\spring-boot-starter-logging\2.2.5.RELEASE\spring-boot-starter-logging-2.2.5.RELEASE.jar;D:\Hub\maven_space\ch\qos\logback\logback-classic\1.2.3\logback-classic-1.2.3.jar;D:\Hub\maven_space\ch\qos\logback\logback-core\1.2.3\logback-core-1.2.3.jar;D:\Hub\maven_space\org\apache\logging\log4j\log4j-to-slf4j\2.12.1\log4j-to-slf4j-2.12.1.jar;D:\Hub\maven_space\org\apache\logging\log4j\log4j-api\2.12.1\log4j-api-2.12.1.jar;D:\Hub\maven_space\org\slf4j\jul-to-slf4j\1.7.30\jul-to-slf4j-1.7.30.jar;D:\Hub\maven_space\jakarta\annotation\jakarta.annotation-api\1.3.5\jakarta.annotation-api-1.3.5.jar;D:\Hub\maven_space\org\springframework\boot\spring-boot-test\2.2.5.RELEASE\spring-boot-test-2.2.5.RELEASE.jar;D:\Hub\maven_space\org\springframework\boot\spring-boot-test-autoconfigure\2.2.5.RELEASE\spring-boot-test-autoconfigure-2.2.5.RELEASE.jar;D:\Hub\maven_space\com\jayway\jsonpath\json-path\2.4.0\json-path-2.4.0.jar;D:\Hub\maven_space\net\minidev\json-smart\2.3\json-smart-2.3.jar;D:\Hub\maven_space\net\minidev\accessors-smart\1.2\accessors-smart-1.2.jar;D:\Hub\maven_space\jakarta\xml\bind\jakarta.xml.bind-api\2.3.2\jakarta.xml.bind-api-2.3.2.jar;D:\Hub\maven_space\jakarta\activation\jakarta.activation-api\1.2.2\jakarta.activation-api-1.2.2.jar;D:\Hub\maven_space\org\junit\jupiter\junit-jupiter\5.5.2\junit-jupiter-5.5.2.jar;D:\Hub\maven_space\org\junit\jupiter\junit-jupiter-api\5.5.2\junit-jupiter-api-5.5.2.jar;D:\Hub\maven_space\org\apiguardian\apiguardian-api\1.1.0\apiguardian-api-1.1.0.jar;D:\Hub\maven_space\org\opentest4j\opentest4j\1.2.0\opentest4j-1.2.0.jar;D:\Hub\maven_space\org\junit\platform\junit-platform-commons\1.5.2\junit-platform-commons-1.5.2.jar;D:\Hub\maven_space\org\junit\jupiter\junit-jupiter-params\5.5.2\junit-jupiter-params-5.5.2.jar;D:\Hub\maven_space\org\junit\jupiter\junit-jupiter-engine\5.5.2\junit-jupiter-engine-5.5.2.jar;D:\Hub\maven_space\org\junit\platform\junit-platform-engine\1.5.2\junit-platform-engine-1.5.2.jar;D:\Hub\maven_space\org\mockito\mockito-junit-jupiter\3.1.0\mockito-junit-jupiter-3.1.0.jar;D:\Hub\maven_space\org\assertj\assertj-core\3.13.2\assertj-core-3.13.2.jar;D:\Hub\maven_space\org\hamcrest\hamcrest\2.1\hamcrest-2.1.jar;D:\Hub\maven_space\org\mockito\mockito-core\3.1.0\mockito-core-3.1.0.jar;D:\Hub\maven_space\net\bytebuddy\byte-buddy\1.10.8\byte-buddy-1.10.8.jar;D:\Hub\maven_space\net\bytebuddy\byte-buddy-agent\1.10.8\byte-buddy-agent-1.10.8.jar;D:\Hub\maven_space\org\objenesis\objenesis\2.6\objenesis-2.6.jar;D:\Hub\maven_space\org\skyscreamer\jsonassert\1.5.0\jsonassert-1.5.0.jar;D:\Hub\maven_space\com\vaadin\external\google\android-json\0.0.20131108.vaadin1\android-json-0.0.20131108.vaadin1.jar;D:\Hub\maven_space\org\springframework\spring-core\5.2.4.RELEASE\spring-core-5.2.4.RELEASE.jar;D:\Hub\maven_space\org\springframework\spring-jcl\5.2.4.RELEASE\spring-jcl-5.2.4.RELEASE.jar;D:\Hub\maven_space\org\springframework\spring-test\5.2.4.RELEASE\spring-test-5.2.4.RELEASE.jar;D:\Hub\maven_space\org\xmlunit\xmlunit-core\2.6.3\xmlunit-core-2.6.3.jar;"/>
    <property name="sun.cpu.endian" value="little"/>
    <property name="user.home" value="C:\Users\Bugott"/>
    <property name="user.language" value="zh"/>
    <property name="java.specification.vendor" value="Oracle Corporation"/>
    <property name="idea.version2019.2.2" value="true"/>
    <property name="java.home" value="C:\Program Files\Java\jdk1.8.0_211\jre"/>
    <property name="basedir" value="D:\Hub\remittance-business\Back-end\gateway-demo"/>
    <property name="file.separator" value="\"/>
    <property name="line.separator" value="&#10;"/>
    <property name="java.vm.specification.vendor" value="Oracle Corporation"/>
    <property name="java.specification.name" value="Java Platform API Specification"/>
    <property name="java.awt.graphicsenv" value="sun.awt.Win32GraphicsEnvironment"/>
    <property name="surefire.real.class.path" value="C:\Users\Bugott\AppData\Local\Temp\surefire3038248301740331158\surefirebooter7826482519388650800.jar"/>
    <property name="sun.boot.class.path" value="C:\Program Files\Java\jdk1.8.0_211\jre\lib\resources.jar;C:\Program Files\Java\jdk1.8.0_211\jre\lib\rt.jar;C:\Program Files\Java\jdk1.8.0_211\jre\lib\sunrsasign.jar;C:\Program Files\Java\jdk1.8.0_211\jre\lib\jsse.jar;C:\Program Files\Java\jdk1.8.0_211\jre\lib\jce.jar;C:\Program Files\Java\jdk1.8.0_211\jre\lib\charsets.jar;C:\Program Files\Java\jdk1.8.0_211\jre\lib\jfr.jar;C:\Program Files\Java\jdk1.8.0_211\jre\classes"/>
    <property name="user.script" value=""/>
    <property name="sun.management.compiler" value="HotSpot 64-Bit Tiered Compilers"/>
    <property name="java.runtime.version" value="1.8.0_211-b12"/>
    <property name="user.name" value="Bugott"/>
    <property name="path.separator" value=";"/>
    <property name="os.version" value="10.0"/>
    <property name="java.endorsed.dirs" value="C:\Program Files\Java\jdk1.8.0_211\jre\lib\endorsed"/>
    <property name="java.runtime.name" value="Java(TM) SE Runtime Environment"/>
    <property name="file.encoding" value="GBK"/>
    <property name="java.vm.name" value="Java HotSpot(TM) 64-Bit Server VM"/>
    <property name="localRepository" value="D:\Hub\maven_space"/>
    <property name="java.vendor.url.bug" value="http://bugreport.sun.com/bugreport/"/>
    <property name="java.io.tmpdir" value="C:\Users\Bugott\AppData\Local\Temp\"/>
    <property name="java.version" value="1.8.0_211"/>
    <property name="user.dir" value="D:\Hub\remittance-business\Back-end\gateway-demo"/>
    <property name="os.arch" value="amd64"/>
    <property name="java.vm.specification.name" value="Java Virtual Machine Specification"/>
    <property name="java.awt.printerjob" value="sun.awt.windows.WPrinterJob"/>
    <property name="sun.os.patch.level" value=""/>
    <property name="java.library.path" value="C:\Program Files\Java\jdk1.8.0_211\jre\bin;C:\Windows\Sun\Java\bin;C:\Windows\system32;C:\Windows;C:\ProgramData\DockerDesktop\version-bin;C:\Program Files\Docker\Docker\Resources\bin;C:\Program Files (x86)\Common Files\Oracle\Java\javapath;C:\Program Files (x86)\Intel\Intel(R) Management Engine Components\iCLS\;C:\Program Files\Intel\Intel(R) Management Engine Components\iCLS\;C:\Windows\system32;C:\Windows;C:\Windows\System32\Wbem;C:\Windows\System32\WindowsPowerShell\v1.0\;C:\Windows\System32\OpenSSH\;C:\Program Files (x86)\NVIDIA Corporation\PhysX\Common;C:\Program Files (x86)\Intel\Intel(R) Management Engine Components\DAL;C:\Program Files\Intel\Intel(R) Management Engine Components\DAL;C:\Program Files (x86)\Intel\Intel(R) Management Engine Components\IPT;C:\Program Files\Intel\Intel(R) Management Engine Components\IPT;C:\Program Files\Intel\WiFi\bin\;C:\Program Files\Common Files\Intel\WirelessCommon\;C:\Program Files\NVIDIA Corporation\NVIDIA NvDLISR;C:\Users\Bugott\AppData\Local\Microsoft\WindowsAppsC:\Program Files\Java\jdk1.8.0_211\bin;C:\Program Files\Java\jdk1.8.0_211\bin;C:\Program Files\Java\jre1.8.0_211\bin;C:\Program Files\Apache Software Foundation\apache-maven-3.6.1\bin;C:\Program Files\Apache Software Foundation\apache-tomcat-9.0.22\bin;C:\Program Files\Apache Software Foundation\apache-tomcat-9.0.22\lib;C:\ProgramData\Anaconda3;C:\ProgramData\Anaconda3\Scripts;C:\ProgramData\Anaconda3\Library\bin;C:\ProgramData\Anaconda3\Library\1033\bin;D:\Program Files\MATLAB\R2016a\runtime\win64;D:\Program Files\MATLAB\R2016a\bin;D:\Program Files\MATLAB\R2016a\polyspace\bin;C:\Program Files\dotnet\;C:\Program Files\Microsoft SQL Server\130\Tools\Binn\;C:\Program Files\Microsoft SQL Server\Client SDK\ODBC\170\Tools\Binn\;C:\Program Files\nodejs\;D:\Hub\nodejs\node_global;D:\Program Files (x86)\Rational\common;C:\Program Files\OpenSSL-Win64;C:\Program Files\OpenSSL-Win64\bin;C:\Program Files\CMake\bin;C:\Users\Bugott\AppData\Roaming\Python\Python37\Scripts;C:\Program Files (x86)\Calibre2\;C:\Users\Bugott\AppData\Local\Microsoft\WindowsApps;C:\Program Files\Intel\WiFi\bin\;C:\Program Files\Common Files\Intel\WirelessCommon\;D:\Program Files\JetBrains\IntelliJ IDEA 2019.2.2\bin;;D:\Program Files\JetBrains\PyCharm 2019.1\bin;;D:\Program Files\opencv\build\x64\vc15\bin;C:\Users\Bugott\AppData\Roaming\npm;."/>
    <property name="java.vm.info" value="mixed mode"/>
    <property name="java.vendor" value="Oracle Corporation"/>
    <property name="java.vm.version" value="25.211-b12"/>
    <property name="java.ext.dirs" value="C:\Program Files\Java\jdk1.8.0_211\jre\lib\ext;C:\Windows\Sun\Java\lib\ext"/>
    <property name="sun.io.unicode.encoding" value="UnicodeLittle"/>
    <property name="java.class.version" value="52.0"/>
  </properties>
  <testcase name="contextLoads" classname="com.intern.gatewaydemo.GatewayDemoApplicationTests" time="0.168"/>
</testsuite>